2025-09-03 17:41:39,959 - INFO - Using device: cuda
2025-09-03 17:41:39,974 - INFO - 
Processing dataset: ENZYMES
2025-09-03 17:41:40,050 - INFO - Dataset size: 600, Train: 480, Test: 120, Classes: 6
2025-09-03 17:41:40,050 - INFO - Test set class distribution: [20 20 20 20 20 20]
2025-09-03 17:41:42,303 - INFO - [ENZYMES-GCN-AvgPooling] Epoch 20, Loss: 1.7026
2025-09-03 17:41:44,007 - INFO - [ENZYMES-GCN-AvgPooling] Epoch 40, Loss: 1.6866
2025-09-03 17:41:45,714 - INFO - [ENZYMES-GCN-AvgPooling] Epoch 60, Loss: 1.6770
2025-09-03 17:41:47,301 - INFO - [ENZYMES-GCN-AvgPooling] Epoch 80, Loss: 1.6663
2025-09-03 17:41:48,886 - INFO - [ENZYMES-GCN-AvgPooling] Epoch 100, Loss: 1.6690
2025-09-03 17:41:48,922 - INFO - 
Result - Dataset: ENZYMES, Model: GCN, Pooling: AvgPooling, Layers: 1, LR: 0.01, Mode: full
Accuracy: 0.2083, AUC: 0.6424, AP: 0.3089, Time: 8.59s

2025-09-03 17:41:51,397 - INFO - [ENZYMES-GCN-AvgPooling] Epoch 20, Loss: 1.6933
2025-09-03 17:41:53,533 - INFO - [ENZYMES-GCN-AvgPooling] Epoch 40, Loss: 1.6571
2025-09-03 17:41:55,748 - INFO - [ENZYMES-GCN-AvgPooling] Epoch 60, Loss: 1.6358
2025-09-03 17:41:58,040 - INFO - [ENZYMES-GCN-AvgPooling] Epoch 80, Loss: 1.6193
2025-09-03 17:42:00,194 - INFO - [ENZYMES-GCN-AvgPooling] Epoch 100, Loss: 1.6051
2025-09-03 17:42:00,223 - INFO - 
Result - Dataset: ENZYMES, Model: GCN, Pooling: AvgPooling, Layers: 1, LR: 0.01, Mode: sampled
Accuracy: 0.2083, AUC: 0.5411, AP: 0.2143, Time: 10.96s

2025-09-03 17:42:01,791 - INFO - [ENZYMES-GCN-AvgPooling] Epoch 20, Loss: 1.6987
2025-09-03 17:42:03,383 - INFO - [ENZYMES-GCN-AvgPooling] Epoch 40, Loss: 1.6805
2025-09-03 17:42:04,987 - INFO - [ENZYMES-GCN-AvgPooling] Epoch 60, Loss: 1.6804
2025-09-03 17:42:06,585 - INFO - [ENZYMES-GCN-AvgPooling] Epoch 80, Loss: 1.6744
2025-09-03 17:42:08,239 - INFO - [ENZYMES-GCN-AvgPooling] Epoch 100, Loss: 1.6624
2025-09-03 17:42:08,268 - INFO - 
Result - Dataset: ENZYMES, Model: GCN, Pooling: AvgPooling, Layers: 1, LR: 0.03, Mode: full
Accuracy: 0.2583, AUC: 0.6467, AP: 0.3021, Time: 8.01s

2025-09-03 17:42:10,745 - INFO - [ENZYMES-GCN-AvgPooling] Epoch 20, Loss: 1.6813
2025-09-03 17:42:12,897 - INFO - [ENZYMES-GCN-AvgPooling] Epoch 40, Loss: 1.6796
2025-09-03 17:42:15,206 - INFO - [ENZYMES-GCN-AvgPooling] Epoch 60, Loss: 1.6404
2025-09-03 17:42:17,430 - INFO - [ENZYMES-GCN-AvgPooling] Epoch 80, Loss: 1.6170
2025-09-03 17:42:19,612 - INFO - [ENZYMES-GCN-AvgPooling] Epoch 100, Loss: 1.5998
2025-09-03 17:42:19,642 - INFO - 
Result - Dataset: ENZYMES, Model: GCN, Pooling: AvgPooling, Layers: 1, LR: 0.03, Mode: sampled
Accuracy: 0.1833, AUC: 0.5282, AP: 0.2102, Time: 11.04s

2025-09-03 17:42:21,677 - INFO - [ENZYMES-GCN-AvgPooling] Epoch 20, Loss: 1.6800
2025-09-03 17:42:23,691 - INFO - [ENZYMES-GCN-AvgPooling] Epoch 40, Loss: 1.6504
2025-09-03 17:42:25,652 - INFO - [ENZYMES-GCN-AvgPooling] Epoch 60, Loss: 1.6216
2025-09-03 17:42:27,699 - INFO - [ENZYMES-GCN-AvgPooling] Epoch 80, Loss: 1.6031
2025-09-03 17:42:29,785 - INFO - [ENZYMES-GCN-AvgPooling] Epoch 100, Loss: 1.5816
2025-09-03 17:42:29,818 - INFO - 
Result - Dataset: ENZYMES, Model: GCN, Pooling: AvgPooling, Layers: 2, LR: 0.01, Mode: full
Accuracy: 0.2917, AUC: 0.6372, AP: 0.3029, Time: 10.14s

2025-09-03 17:42:32,839 - INFO - [ENZYMES-GCN-AvgPooling] Epoch 20, Loss: 1.6568
2025-09-03 17:42:35,549 - INFO - [ENZYMES-GCN-AvgPooling] Epoch 40, Loss: 1.6005
2025-09-03 17:42:38,310 - INFO - [ENZYMES-GCN-AvgPooling] Epoch 60, Loss: 1.5585
2025-09-03 17:42:41,004 - INFO - [ENZYMES-GCN-AvgPooling] Epoch 80, Loss: 1.5583
2025-09-03 17:42:43,636 - INFO - [ENZYMES-GCN-AvgPooling] Epoch 100, Loss: 1.5053
2025-09-03 17:42:43,670 - INFO - 
Result - Dataset: ENZYMES, Model: GCN, Pooling: AvgPooling, Layers: 2, LR: 0.01, Mode: sampled
Accuracy: 0.1833, AUC: 0.5191, AP: 0.2076, Time: 13.51s

2025-09-03 17:42:45,665 - INFO - [ENZYMES-GCN-AvgPooling] Epoch 20, Loss: 1.6773
2025-09-03 17:42:47,630 - INFO - [ENZYMES-GCN-AvgPooling] Epoch 40, Loss: 1.6567
2025-09-03 17:42:49,616 - INFO - [ENZYMES-GCN-AvgPooling] Epoch 60, Loss: 1.6348
2025-09-03 17:42:51,593 - INFO - [ENZYMES-GCN-AvgPooling] Epoch 80, Loss: 1.6144
2025-09-03 17:42:53,586 - INFO - [ENZYMES-GCN-AvgPooling] Epoch 100, Loss: 1.6041
2025-09-03 17:42:53,619 - INFO - 
Result - Dataset: ENZYMES, Model: GCN, Pooling: AvgPooling, Layers: 2, LR: 0.03, Mode: full
Accuracy: 0.3083, AUC: 0.6520, AP: 0.3047, Time: 9.91s

2025-09-03 17:42:56,638 - INFO - [ENZYMES-GCN-AvgPooling] Epoch 20, Loss: 1.6636
2025-09-03 17:42:59,306 - INFO - [ENZYMES-GCN-AvgPooling] Epoch 40, Loss: 1.6361
2025-09-03 17:43:01,947 - INFO - [ENZYMES-GCN-AvgPooling] Epoch 60, Loss: 1.6016
2025-09-03 17:43:04,602 - INFO - [ENZYMES-GCN-AvgPooling] Epoch 80, Loss: 1.5774
2025-09-03 17:43:07,365 - INFO - [ENZYMES-GCN-AvgPooling] Epoch 100, Loss: 1.5543
2025-09-03 17:43:07,401 - INFO - 
Result - Dataset: ENZYMES, Model: GCN, Pooling: AvgPooling, Layers: 2, LR: 0.03, Mode: sampled
Accuracy: 0.2167, AUC: 0.5291, AP: 0.2197, Time: 13.44s

2025-09-03 17:43:09,876 - INFO - [ENZYMES-GCN-AvgPooling] Epoch 20, Loss: 1.6820
2025-09-03 17:43:12,358 - INFO - [ENZYMES-GCN-AvgPooling] Epoch 40, Loss: 1.6189
2025-09-03 17:43:14,740 - INFO - [ENZYMES-GCN-AvgPooling] Epoch 60, Loss: 1.6051
2025-09-03 17:43:17,152 - INFO - [ENZYMES-GCN-AvgPooling] Epoch 80, Loss: 1.5547
2025-09-03 17:43:19,648 - INFO - [ENZYMES-GCN-AvgPooling] Epoch 100, Loss: 1.4933
2025-09-03 17:43:19,684 - INFO - 
Result - Dataset: ENZYMES, Model: GCN, Pooling: AvgPooling, Layers: 3, LR: 0.01, Mode: full
Accuracy: 0.3333, AUC: 0.6467, AP: 0.3339, Time: 12.24s

2025-09-03 17:43:23,151 - INFO - [ENZYMES-GCN-AvgPooling] Epoch 20, Loss: 1.6563
2025-09-03 17:43:26,287 - INFO - [ENZYMES-GCN-AvgPooling] Epoch 40, Loss: 1.6228
2025-09-03 17:43:29,363 - INFO - [ENZYMES-GCN-AvgPooling] Epoch 60, Loss: 1.5523
2025-09-03 17:43:32,438 - INFO - [ENZYMES-GCN-AvgPooling] Epoch 80, Loss: 1.5096
2025-09-03 17:43:35,679 - INFO - [ENZYMES-GCN-AvgPooling] Epoch 100, Loss: 1.4756
2025-09-03 17:43:35,715 - INFO - 
Result - Dataset: ENZYMES, Model: GCN, Pooling: AvgPooling, Layers: 3, LR: 0.01, Mode: sampled
Accuracy: 0.2000, AUC: 0.5789, AP: 0.2389, Time: 15.69s

2025-09-03 17:43:38,074 - INFO - [ENZYMES-GCN-AvgPooling] Epoch 20, Loss: 1.7459
2025-09-03 17:43:40,458 - INFO - [ENZYMES-GCN-AvgPooling] Epoch 40, Loss: 1.7279
2025-09-03 17:43:43,015 - INFO - [ENZYMES-GCN-AvgPooling] Epoch 60, Loss: 1.7263
2025-09-03 17:43:45,381 - INFO - [ENZYMES-GCN-AvgPooling] Epoch 80, Loss: 1.7238
2025-09-03 17:43:47,883 - INFO - [ENZYMES-GCN-AvgPooling] Epoch 100, Loss: 1.7090
2025-09-03 17:43:47,919 - INFO - 
Result - Dataset: ENZYMES, Model: GCN, Pooling: AvgPooling, Layers: 3, LR: 0.03, Mode: full
Accuracy: 0.2917, AUC: 0.6593, AP: 0.3258, Time: 12.16s

2025-09-03 17:43:51,299 - INFO - [ENZYMES-GCN-AvgPooling] Epoch 20, Loss: 1.7236
2025-09-03 17:43:54,424 - INFO - [ENZYMES-GCN-AvgPooling] Epoch 40, Loss: 1.6896
2025-09-03 17:43:57,552 - INFO - [ENZYMES-GCN-AvgPooling] Epoch 60, Loss: 1.6848
2025-09-03 17:44:00,654 - INFO - [ENZYMES-GCN-AvgPooling] Epoch 80, Loss: 1.6707
2025-09-03 17:44:03,760 - INFO - [ENZYMES-GCN-AvgPooling] Epoch 100, Loss: 1.6565
2025-09-03 17:44:03,797 - INFO - 
Result - Dataset: ENZYMES, Model: GCN, Pooling: AvgPooling, Layers: 3, LR: 0.03, Mode: sampled
Accuracy: 0.1833, AUC: 0.5115, AP: 0.1782, Time: 15.54s

2025-09-03 17:44:06,007 - INFO - [ENZYMES-GAT-AvgPooling] Epoch 20, Loss: 1.7232
2025-09-03 17:44:08,061 - INFO - [ENZYMES-GAT-AvgPooling] Epoch 40, Loss: 1.6986
2025-09-03 17:44:10,130 - INFO - [ENZYMES-GAT-AvgPooling] Epoch 60, Loss: 1.6992
2025-09-03 17:44:12,180 - INFO - [ENZYMES-GAT-AvgPooling] Epoch 80, Loss: 1.6891
2025-09-03 17:44:14,282 - INFO - [ENZYMES-GAT-AvgPooling] Epoch 100, Loss: 1.6955
2025-09-03 17:44:14,318 - INFO - 
Result - Dataset: ENZYMES, Model: GAT, Pooling: AvgPooling, Layers: 1, LR: 0.01, Mode: full
Accuracy: 0.2833, AUC: 0.6442, AP: 0.3003, Time: 10.40s

2025-09-03 17:44:17,402 - INFO - [ENZYMES-GAT-AvgPooling] Epoch 20, Loss: 1.7381
2025-09-03 17:44:20,222 - INFO - [ENZYMES-GAT-AvgPooling] Epoch 40, Loss: 1.6848
2025-09-03 17:44:23,347 - INFO - [ENZYMES-GAT-AvgPooling] Epoch 60, Loss: 1.6396
2025-09-03 17:44:26,044 - INFO - [ENZYMES-GAT-AvgPooling] Epoch 80, Loss: 1.6488
2025-09-03 17:44:28,775 - INFO - [ENZYMES-GAT-AvgPooling] Epoch 100, Loss: 1.6216
2025-09-03 17:44:28,808 - INFO - 
Result - Dataset: ENZYMES, Model: GAT, Pooling: AvgPooling, Layers: 1, LR: 0.01, Mode: sampled
Accuracy: 0.1917, AUC: 0.5543, AP: 0.2255, Time: 14.14s

2025-09-03 17:44:30,995 - INFO - [ENZYMES-GAT-AvgPooling] Epoch 20, Loss: 1.7259
2025-09-03 17:44:33,111 - INFO - [ENZYMES-GAT-AvgPooling] Epoch 40, Loss: 1.7152
2025-09-03 17:44:35,229 - INFO - [ENZYMES-GAT-AvgPooling] Epoch 60, Loss: 1.6943
2025-09-03 17:44:37,386 - INFO - [ENZYMES-GAT-AvgPooling] Epoch 80, Loss: 1.6984
2025-09-03 17:44:39,474 - INFO - [ENZYMES-GAT-AvgPooling] Epoch 100, Loss: 1.6983
2025-09-03 17:44:39,505 - INFO - 
Result - Dataset: ENZYMES, Model: GAT, Pooling: AvgPooling, Layers: 1, LR: 0.03, Mode: full
Accuracy: 0.2833, AUC: 0.6552, AP: 0.3252, Time: 10.66s

2025-09-03 17:44:42,568 - INFO - [ENZYMES-GAT-AvgPooling] Epoch 20, Loss: 1.7212
2025-09-03 17:44:45,440 - INFO - [ENZYMES-GAT-AvgPooling] Epoch 40, Loss: 1.6807
2025-09-03 17:44:48,286 - INFO - [ENZYMES-GAT-AvgPooling] Epoch 60, Loss: 1.6756
2025-09-03 17:44:51,265 - INFO - [ENZYMES-GAT-AvgPooling] Epoch 80, Loss: 1.6756
2025-09-03 17:44:54,275 - INFO - [ENZYMES-GAT-AvgPooling] Epoch 100, Loss: 1.6626
2025-09-03 17:44:54,316 - INFO - 
Result - Dataset: ENZYMES, Model: GAT, Pooling: AvgPooling, Layers: 1, LR: 0.03, Mode: sampled
Accuracy: 0.1667, AUC: 0.5632, AP: 0.2404, Time: 14.46s

2025-09-03 17:44:57,352 - INFO - [ENZYMES-GAT-AvgPooling] Epoch 20, Loss: 1.7157
2025-09-03 17:45:00,137 - INFO - [ENZYMES-GAT-AvgPooling] Epoch 40, Loss: 1.6782
2025-09-03 17:45:03,092 - INFO - [ENZYMES-GAT-AvgPooling] Epoch 60, Loss: 1.6323
2025-09-03 17:45:05,984 - INFO - [ENZYMES-GAT-AvgPooling] Epoch 80, Loss: 1.6338
2025-09-03 17:45:08,997 - INFO - [ENZYMES-GAT-AvgPooling] Epoch 100, Loss: 1.5809
2025-09-03 17:45:09,041 - INFO - 
Result - Dataset: ENZYMES, Model: GAT, Pooling: AvgPooling, Layers: 2, LR: 0.01, Mode: full
Accuracy: 0.2250, AUC: 0.6361, AP: 0.2933, Time: 14.67s

2025-09-03 17:45:13,354 - INFO - [ENZYMES-GAT-AvgPooling] Epoch 20, Loss: 1.6503
2025-09-03 17:45:17,506 - INFO - [ENZYMES-GAT-AvgPooling] Epoch 40, Loss: 1.6265
2025-09-03 17:45:21,516 - INFO - [ENZYMES-GAT-AvgPooling] Epoch 60, Loss: 1.5991
2025-09-03 17:45:25,476 - INFO - [ENZYMES-GAT-AvgPooling] Epoch 80, Loss: 1.6003
2025-09-03 17:45:29,579 - INFO - [ENZYMES-GAT-AvgPooling] Epoch 100, Loss: 1.5733
2025-09-03 17:45:29,622 - INFO - 
Result - Dataset: ENZYMES, Model: GAT, Pooling: AvgPooling, Layers: 2, LR: 0.01, Mode: sampled
Accuracy: 0.1667, AUC: 0.5454, AP: 0.2194, Time: 20.23s

2025-09-03 17:45:32,713 - INFO - [ENZYMES-GAT-AvgPooling] Epoch 20, Loss: 1.7592
2025-09-03 17:45:35,739 - INFO - [ENZYMES-GAT-AvgPooling] Epoch 40, Loss: 1.7654
2025-09-03 17:45:38,756 - INFO - [ENZYMES-GAT-AvgPooling] Epoch 60, Loss: 1.7245
2025-09-03 17:45:41,705 - INFO - [ENZYMES-GAT-AvgPooling] Epoch 80, Loss: 1.7068
2025-09-03 17:45:44,788 - INFO - [ENZYMES-GAT-AvgPooling] Epoch 100, Loss: 1.6571
2025-09-03 17:45:44,837 - INFO - 
Result - Dataset: ENZYMES, Model: GAT, Pooling: AvgPooling, Layers: 2, LR: 0.03, Mode: full
Accuracy: 0.2000, AUC: 0.6132, AP: 0.2918, Time: 15.16s

2025-09-03 17:45:49,277 - INFO - [ENZYMES-GAT-AvgPooling] Epoch 20, Loss: 1.7417
2025-09-03 17:45:53,128 - INFO - [ENZYMES-GAT-AvgPooling] Epoch 40, Loss: 1.7026
2025-09-03 17:45:56,988 - INFO - [ENZYMES-GAT-AvgPooling] Epoch 60, Loss: 1.6629
2025-09-03 17:46:00,945 - INFO - [ENZYMES-GAT-AvgPooling] Epoch 80, Loss: 1.6362
2025-09-03 17:46:04,928 - INFO - [ENZYMES-GAT-AvgPooling] Epoch 100, Loss: 1.6195
2025-09-03 17:46:04,964 - INFO - 
Result - Dataset: ENZYMES, Model: GAT, Pooling: AvgPooling, Layers: 2, LR: 0.03, Mode: sampled
Accuracy: 0.2000, AUC: 0.5547, AP: 0.2129, Time: 19.73s

2025-09-03 17:46:08,874 - INFO - [ENZYMES-GAT-AvgPooling] Epoch 20, Loss: 1.7382
2025-09-03 17:46:12,575 - INFO - [ENZYMES-GAT-AvgPooling] Epoch 40, Loss: 1.6625
2025-09-03 17:46:16,814 - INFO - [ENZYMES-GAT-AvgPooling] Epoch 60, Loss: 1.6678
2025-09-03 17:46:20,808 - INFO - [ENZYMES-GAT-AvgPooling] Epoch 80, Loss: 1.5894
2025-09-03 17:46:25,083 - INFO - [ENZYMES-GAT-AvgPooling] Epoch 100, Loss: 1.5586
2025-09-03 17:46:25,130 - INFO - 
Result - Dataset: ENZYMES, Model: GAT, Pooling: AvgPooling, Layers: 3, LR: 0.01, Mode: full
Accuracy: 0.2500, AUC: 0.6193, AP: 0.3055, Time: 20.11s

2025-09-03 17:46:30,873 - INFO - [ENZYMES-GAT-AvgPooling] Epoch 20, Loss: 1.6942
2025-09-03 17:46:36,394 - INFO - [ENZYMES-GAT-AvgPooling] Epoch 40, Loss: 1.6380
2025-09-03 17:46:41,798 - INFO - [ENZYMES-GAT-AvgPooling] Epoch 60, Loss: 1.5794
2025-09-03 17:46:46,859 - INFO - [ENZYMES-GAT-AvgPooling] Epoch 80, Loss: 1.5422
2025-09-03 17:46:52,234 - INFO - [ENZYMES-GAT-AvgPooling] Epoch 100, Loss: 1.5035
2025-09-03 17:46:52,287 - INFO - 
Result - Dataset: ENZYMES, Model: GAT, Pooling: AvgPooling, Layers: 3, LR: 0.01, Mode: sampled
Accuracy: 0.1833, AUC: 0.5345, AP: 0.2169, Time: 26.74s

2025-09-03 17:46:56,491 - INFO - [ENZYMES-GAT-AvgPooling] Epoch 20, Loss: 1.7967
2025-09-03 17:47:00,515 - INFO - [ENZYMES-GAT-AvgPooling] Epoch 40, Loss: 1.7599
2025-09-03 17:47:04,731 - INFO - [ENZYMES-GAT-AvgPooling] Epoch 60, Loss: 1.7368
2025-09-03 17:47:08,896 - INFO - [ENZYMES-GAT-AvgPooling] Epoch 80, Loss: 1.8036
2025-09-03 17:47:13,058 - INFO - [ENZYMES-GAT-AvgPooling] Epoch 100, Loss: 1.9278
2025-09-03 17:47:13,106 - INFO - 
Result - Dataset: ENZYMES, Model: GAT, Pooling: AvgPooling, Layers: 3, LR: 0.03, Mode: full
Accuracy: 0.2083, AUC: 0.6068, AP: 0.2567, Time: 20.76s

2025-09-03 17:47:18,762 - INFO - [ENZYMES-GAT-AvgPooling] Epoch 20, Loss: 1.7158
2025-09-03 17:47:24,116 - INFO - [ENZYMES-GAT-AvgPooling] Epoch 40, Loss: 1.7227
2025-09-03 17:47:29,390 - INFO - [ENZYMES-GAT-AvgPooling] Epoch 60, Loss: 1.8683
2025-09-03 17:47:34,634 - INFO - [ENZYMES-GAT-AvgPooling] Epoch 80, Loss: 1.9252
2025-09-03 17:47:40,034 - INFO - [ENZYMES-GAT-AvgPooling] Epoch 100, Loss: 1.9044
2025-09-03 17:47:40,081 - INFO - 
Result - Dataset: ENZYMES, Model: GAT, Pooling: AvgPooling, Layers: 3, LR: 0.03, Mode: sampled
Accuracy: 0.1667, AUC: 0.5000, AP: 0.1667, Time: 26.56s

2025-09-03 17:47:41,623 - INFO - [ENZYMES-GraphSAGE-AvgPooling] Epoch 20, Loss: 1.6941
2025-09-03 17:47:43,078 - INFO - [ENZYMES-GraphSAGE-AvgPooling] Epoch 40, Loss: 1.6764
2025-09-03 17:47:44,523 - INFO - [ENZYMES-GraphSAGE-AvgPooling] Epoch 60, Loss: 1.6485
2025-09-03 17:47:46,044 - INFO - [ENZYMES-GraphSAGE-AvgPooling] Epoch 80, Loss: 1.6400
2025-09-03 17:47:47,665 - INFO - [ENZYMES-GraphSAGE-AvgPooling] Epoch 100, Loss: 1.6204
2025-09-03 17:47:47,698 - INFO - 
Result - Dataset: ENZYMES, Model: GraphSAGE, Pooling: AvgPooling, Layers: 1, LR: 0.01, Mode: full
Accuracy: 0.2500, AUC: 0.6322, AP: 0.3040, Time: 7.53s

2025-09-03 17:47:50,230 - INFO - [ENZYMES-GraphSAGE-AvgPooling] Epoch 20, Loss: 1.6205
2025-09-03 17:47:52,151 - INFO - [ENZYMES-GraphSAGE-AvgPooling] Epoch 40, Loss: 1.5734
2025-09-03 17:47:54,212 - INFO - [ENZYMES-GraphSAGE-AvgPooling] Epoch 60, Loss: 1.5524
2025-09-03 17:47:56,176 - INFO - [ENZYMES-GraphSAGE-AvgPooling] Epoch 80, Loss: 1.5428
2025-09-03 17:47:58,097 - INFO - [ENZYMES-GraphSAGE-AvgPooling] Epoch 100, Loss: 1.5318
2025-09-03 17:47:58,135 - INFO - 
Result - Dataset: ENZYMES, Model: GraphSAGE, Pooling: AvgPooling, Layers: 1, LR: 0.01, Mode: sampled
Accuracy: 0.1917, AUC: 0.5535, AP: 0.2296, Time: 10.05s

2025-09-03 17:47:59,836 - INFO - [ENZYMES-GraphSAGE-AvgPooling] Epoch 20, Loss: 1.6748
2025-09-03 17:48:01,255 - INFO - [ENZYMES-GraphSAGE-AvgPooling] Epoch 40, Loss: 1.6497
2025-09-03 17:48:02,729 - INFO - [ENZYMES-GraphSAGE-AvgPooling] Epoch 60, Loss: 1.6324
2025-09-03 17:48:04,376 - INFO - [ENZYMES-GraphSAGE-AvgPooling] Epoch 80, Loss: 1.6302
2025-09-03 17:48:06,098 - INFO - [ENZYMES-GraphSAGE-AvgPooling] Epoch 100, Loss: 1.5926
2025-09-03 17:48:06,129 - INFO - 
Result - Dataset: ENZYMES, Model: GraphSAGE, Pooling: AvgPooling, Layers: 1, LR: 0.03, Mode: full
Accuracy: 0.2667, AUC: 0.6119, AP: 0.2924, Time: 7.96s

2025-09-03 17:48:08,553 - INFO - [ENZYMES-GraphSAGE-AvgPooling] Epoch 20, Loss: 1.5935
2025-09-03 17:48:10,539 - INFO - [ENZYMES-GraphSAGE-AvgPooling] Epoch 40, Loss: 1.5642
2025-09-03 17:48:12,559 - INFO - [ENZYMES-GraphSAGE-AvgPooling] Epoch 60, Loss: 1.5103
2025-09-03 17:48:14,647 - INFO - [ENZYMES-GraphSAGE-AvgPooling] Epoch 80, Loss: 1.5056
2025-09-03 17:48:16,657 - INFO - [ENZYMES-GraphSAGE-AvgPooling] Epoch 100, Loss: 1.4663
2025-09-03 17:48:16,687 - INFO - 
Result - Dataset: ENZYMES, Model: GraphSAGE, Pooling: AvgPooling, Layers: 1, LR: 0.03, Mode: sampled
Accuracy: 0.2250, AUC: 0.5721, AP: 0.2594, Time: 10.22s

2025-09-03 17:48:18,632 - INFO - [ENZYMES-GraphSAGE-AvgPooling] Epoch 20, Loss: 1.6717
2025-09-03 17:48:20,450 - INFO - [ENZYMES-GraphSAGE-AvgPooling] Epoch 40, Loss: 1.6117
2025-09-03 17:48:26,148 - INFO - Using device: cuda
2025-09-03 17:48:26,164 - INFO - 
Processing dataset: ENZYMES
2025-09-03 17:48:26,243 - INFO - Dataset size: 600, Train: 480, Test: 120, Classes: 6
2025-09-03 17:48:26,243 - INFO - Test set class distribution: [20 20 20 20 20 20]
2025-09-03 17:48:28,398 - INFO - [ENZYMES-GCN-AvgPooling] Epoch 20, Loss: 1.7026
2025-09-03 17:48:29,981 - INFO - [ENZYMES-GCN-AvgPooling] Epoch 40, Loss: 1.6866
2025-09-03 17:48:31,567 - INFO - [ENZYMES-GCN-AvgPooling] Epoch 60, Loss: 1.6770
2025-09-03 17:48:33,114 - INFO - [ENZYMES-GCN-AvgPooling] Epoch 80, Loss: 1.6664
2025-09-03 17:48:34,667 - INFO - [ENZYMES-GCN-AvgPooling] Epoch 100, Loss: 1.6689
2025-09-03 17:48:34,703 - INFO - 
Result - Dataset: ENZYMES, Model: GCN, Pooling: AvgPooling, Layers: 1, LR: 0.01, Mode: full
Accuracy: 0.2083, AUC: 0.6427, AP: 0.3095, Time: 8.17s

2025-09-03 17:48:37,112 - INFO - [ENZYMES-GCN-AvgPooling] Epoch 20, Loss: 1.6934
2025-09-03 17:48:39,285 - INFO - [ENZYMES-GCN-AvgPooling] Epoch 40, Loss: 1.6573
2025-09-03 17:48:41,464 - INFO - [ENZYMES-GCN-AvgPooling] Epoch 60, Loss: 1.6359
2025-09-03 17:48:43,562 - INFO - [ENZYMES-GCN-AvgPooling] Epoch 80, Loss: 1.6200
2025-09-03 17:48:45,660 - INFO - [ENZYMES-GCN-AvgPooling] Epoch 100, Loss: 1.6048
2025-09-03 17:48:45,694 - INFO - 
Result - Dataset: ENZYMES, Model: GCN, Pooling: AvgPooling, Layers: 1, LR: 0.01, Mode: sampled
Accuracy: 0.2083, AUC: 0.5419, AP: 0.2148, Time: 10.65s

2025-09-03 17:48:47,344 - INFO - [ENZYMES-GCN-AvgPooling] Epoch 20, Loss: 1.6987
2025-09-03 17:48:48,951 - INFO - [ENZYMES-GCN-AvgPooling] Epoch 40, Loss: 1.6805
2025-09-03 17:48:50,544 - INFO - [ENZYMES-GCN-AvgPooling] Epoch 60, Loss: 1.6809
2025-09-03 17:48:52,134 - INFO - [ENZYMES-GCN-AvgPooling] Epoch 80, Loss: 1.6737
2025-09-03 17:48:53,735 - INFO - [ENZYMES-GCN-AvgPooling] Epoch 100, Loss: 1.6619
2025-09-03 17:48:53,766 - INFO - 
Result - Dataset: ENZYMES, Model: GCN, Pooling: AvgPooling, Layers: 1, LR: 0.03, Mode: full
Accuracy: 0.2583, AUC: 0.6463, AP: 0.3019, Time: 8.04s

2025-09-03 17:48:56,194 - INFO - [ENZYMES-GCN-AvgPooling] Epoch 20, Loss: 1.6813
2025-09-03 17:48:58,311 - INFO - [ENZYMES-GCN-AvgPooling] Epoch 40, Loss: 1.6796
2025-09-03 17:49:00,538 - INFO - [ENZYMES-GCN-AvgPooling] Epoch 60, Loss: 1.6407
2025-09-03 17:49:02,670 - INFO - [ENZYMES-GCN-AvgPooling] Epoch 80, Loss: 1.6170
2025-09-03 17:49:04,800 - INFO - [ENZYMES-GCN-AvgPooling] Epoch 100, Loss: 1.5999
2025-09-03 17:49:04,830 - INFO - 
Result - Dataset: ENZYMES, Model: GCN, Pooling: AvgPooling, Layers: 1, LR: 0.03, Mode: sampled
Accuracy: 0.1833, AUC: 0.5273, AP: 0.2099, Time: 10.73s

2025-09-03 17:49:06,835 - INFO - [ENZYMES-GCN-AvgPooling] Epoch 20, Loss: 1.6797
2025-09-03 17:49:08,902 - INFO - [ENZYMES-GCN-AvgPooling] Epoch 40, Loss: 1.6509
2025-09-03 17:49:10,916 - INFO - [ENZYMES-GCN-AvgPooling] Epoch 60, Loss: 1.6178
2025-09-03 17:49:12,919 - INFO - [ENZYMES-GCN-AvgPooling] Epoch 80, Loss: 1.6048
2025-09-03 17:49:14,956 - INFO - [ENZYMES-GCN-AvgPooling] Epoch 100, Loss: 1.5875
2025-09-03 17:49:14,990 - INFO - 
Result - Dataset: ENZYMES, Model: GCN, Pooling: AvgPooling, Layers: 2, LR: 0.01, Mode: full
Accuracy: 0.2750, AUC: 0.6345, AP: 0.2998, Time: 10.12s

2025-09-03 17:49:18,016 - INFO - [ENZYMES-GCN-AvgPooling] Epoch 20, Loss: 1.6576
2025-09-03 17:49:20,702 - INFO - [ENZYMES-GCN-AvgPooling] Epoch 40, Loss: 1.6047
2025-09-03 17:49:23,331 - INFO - [ENZYMES-GCN-AvgPooling] Epoch 60, Loss: 1.5642
2025-09-03 17:49:26,095 - INFO - [ENZYMES-GCN-AvgPooling] Epoch 80, Loss: 1.5602
2025-09-03 17:49:28,809 - INFO - [ENZYMES-GCN-AvgPooling] Epoch 100, Loss: 1.5087
2025-09-03 17:49:28,842 - INFO - 
Result - Dataset: ENZYMES, Model: GCN, Pooling: AvgPooling, Layers: 2, LR: 0.01, Mode: sampled
Accuracy: 0.1833, AUC: 0.5115, AP: 0.2056, Time: 13.52s

2025-09-03 17:49:30,873 - INFO - [ENZYMES-GCN-AvgPooling] Epoch 20, Loss: 1.6768
2025-09-03 17:49:32,879 - INFO - [ENZYMES-GCN-AvgPooling] Epoch 40, Loss: 1.6531
2025-09-03 17:49:34,863 - INFO - [ENZYMES-GCN-AvgPooling] Epoch 60, Loss: 1.6242
2025-09-03 17:49:36,685 - INFO - [ENZYMES-GCN-AvgPooling] Epoch 80, Loss: 1.6157
2025-09-03 17:49:38,482 - INFO - [ENZYMES-GCN-AvgPooling] Epoch 100, Loss: 1.6045
2025-09-03 17:49:38,516 - INFO - 
Result - Dataset: ENZYMES, Model: GCN, Pooling: AvgPooling, Layers: 2, LR: 0.03, Mode: full
Accuracy: 0.3250, AUC: 0.6499, AP: 0.3064, Time: 9.63s

2025-09-03 17:49:41,426 - INFO - [ENZYMES-GCN-AvgPooling] Epoch 20, Loss: 1.6519
2025-09-03 17:49:44,007 - INFO - [ENZYMES-GCN-AvgPooling] Epoch 40, Loss: 1.6467
2025-09-03 17:49:46,701 - INFO - [ENZYMES-GCN-AvgPooling] Epoch 60, Loss: 1.6019
2025-09-03 17:49:49,392 - INFO - [ENZYMES-GCN-AvgPooling] Epoch 80, Loss: 1.5745
2025-09-03 17:49:52,091 - INFO - [ENZYMES-GCN-AvgPooling] Epoch 100, Loss: 1.5556
2025-09-03 17:49:52,130 - INFO - 
Result - Dataset: ENZYMES, Model: GCN, Pooling: AvgPooling, Layers: 2, LR: 0.03, Mode: sampled
Accuracy: 0.2167, AUC: 0.5448, AP: 0.2259, Time: 13.27s

2025-09-03 17:49:54,588 - INFO - [ENZYMES-GCN-AvgPooling] Epoch 20, Loss: 1.6869
2025-09-03 17:49:56,888 - INFO - [ENZYMES-GCN-AvgPooling] Epoch 40, Loss: 1.6436
2025-09-03 17:49:59,189 - INFO - [ENZYMES-GCN-AvgPooling] Epoch 60, Loss: 1.6222
2025-09-03 17:50:01,559 - INFO - [ENZYMES-GCN-AvgPooling] Epoch 80, Loss: 1.5822
2025-09-03 17:50:03,891 - INFO - [ENZYMES-GCN-AvgPooling] Epoch 100, Loss: 1.5424
2025-09-03 17:50:03,934 - INFO - 
Result - Dataset: ENZYMES, Model: GCN, Pooling: AvgPooling, Layers: 3, LR: 0.01, Mode: full
Accuracy: 0.3417, AUC: 0.6487, AP: 0.3094, Time: 11.75s

2025-09-03 17:50:07,087 - INFO - [ENZYMES-GCN-AvgPooling] Epoch 20, Loss: 1.6560
2025-09-03 17:50:10,213 - INFO - [ENZYMES-GCN-AvgPooling] Epoch 40, Loss: 1.6220
2025-09-03 17:50:13,269 - INFO - [ENZYMES-GCN-AvgPooling] Epoch 60, Loss: 1.5579
2025-09-03 17:50:16,358 - INFO - [ENZYMES-GCN-AvgPooling] Epoch 80, Loss: 1.5080
2025-09-03 17:50:19,465 - INFO - [ENZYMES-GCN-AvgPooling] Epoch 100, Loss: 1.4697
2025-09-03 17:50:19,501 - INFO - 
Result - Dataset: ENZYMES, Model: GCN, Pooling: AvgPooling, Layers: 3, LR: 0.01, Mode: sampled
Accuracy: 0.2500, AUC: 0.5779, AP: 0.2336, Time: 15.20s

2025-09-03 17:50:21,859 - INFO - [ENZYMES-GCN-AvgPooling] Epoch 20, Loss: 1.7459
2025-09-03 17:50:24,199 - INFO - [ENZYMES-GCN-AvgPooling] Epoch 40, Loss: 1.7271
2025-09-03 17:50:26,544 - INFO - [ENZYMES-GCN-AvgPooling] Epoch 60, Loss: 1.7256
2025-09-03 17:50:28,892 - INFO - [ENZYMES-GCN-AvgPooling] Epoch 80, Loss: 1.7211
2025-09-03 17:50:31,224 - INFO - [ENZYMES-GCN-AvgPooling] Epoch 100, Loss: 1.7137
2025-09-03 17:50:31,261 - INFO - 
Result - Dataset: ENZYMES, Model: GCN, Pooling: AvgPooling, Layers: 3, LR: 0.03, Mode: full
Accuracy: 0.2583, AUC: 0.6616, AP: 0.3241, Time: 11.72s

2025-09-03 17:50:34,680 - INFO - [ENZYMES-GCN-AvgPooling] Epoch 20, Loss: 1.7236
2025-09-03 17:50:37,817 - INFO - [ENZYMES-GCN-AvgPooling] Epoch 40, Loss: 1.6914
2025-09-03 17:50:40,722 - INFO - [ENZYMES-GCN-AvgPooling] Epoch 60, Loss: 1.6942
2025-09-03 17:50:43,732 - INFO - [ENZYMES-GCN-AvgPooling] Epoch 80, Loss: 1.6854
2025-09-03 17:50:46,826 - INFO - [ENZYMES-GCN-AvgPooling] Epoch 100, Loss: 1.6703
2025-09-03 17:50:46,863 - INFO - 
Result - Dataset: ENZYMES, Model: GCN, Pooling: AvgPooling, Layers: 3, LR: 0.03, Mode: sampled
Accuracy: 0.1833, AUC: 0.5115, AP: 0.1782, Time: 15.26s

2025-09-03 17:50:49,129 - INFO - [ENZYMES-GAT-AvgPooling] Epoch 20, Loss: 1.7232
2025-09-03 17:50:51,167 - INFO - [ENZYMES-GAT-AvgPooling] Epoch 40, Loss: 1.6986
2025-09-03 17:50:53,213 - INFO - [ENZYMES-GAT-AvgPooling] Epoch 60, Loss: 1.6992
2025-09-03 17:50:55,291 - INFO - [ENZYMES-GAT-AvgPooling] Epoch 80, Loss: 1.6891
2025-09-03 17:50:57,389 - INFO - [ENZYMES-GAT-AvgPooling] Epoch 100, Loss: 1.6955
2025-09-03 17:50:57,426 - INFO - 
Result - Dataset: ENZYMES, Model: GAT, Pooling: AvgPooling, Layers: 1, LR: 0.01, Mode: full
Accuracy: 0.2833, AUC: 0.6444, AP: 0.3025, Time: 10.45s

2025-09-03 17:51:00,533 - INFO - [ENZYMES-GAT-AvgPooling] Epoch 20, Loss: 1.7381
2025-09-03 17:51:03,226 - INFO - [ENZYMES-GAT-AvgPooling] Epoch 40, Loss: 1.6848
2025-09-03 17:51:05,889 - INFO - [ENZYMES-GAT-AvgPooling] Epoch 60, Loss: 1.6396
